Performing C SOURCE FILE Test CMAKE_HAVE_LIBC_PTHREAD failed with the following output:
Change Dir: /home/linwan/Documents/URA/pbrt-v3-aac/cmake/CMakeFiles/CMakeTmp

Run Build Command(s):/usr/bin/make cmTC_1a9c5/fast && /usr/bin/make -f CMakeFiles/cmTC_1a9c5.dir/build.make CMakeFiles/cmTC_1a9c5.dir/build
make[1]: Entering directory '/home/linwan/Documents/URA/pbrt-v3-aac/cmake/CMakeFiles/CMakeTmp'
Building C object CMakeFiles/cmTC_1a9c5.dir/src.c.o
/usr/bin/cc   -DCMAKE_HAVE_LIBC_PTHREAD   -o CMakeFiles/cmTC_1a9c5.dir/src.c.o   -c /home/linwan/Documents/URA/pbrt-v3-aac/cmake/CMakeFiles/CMakeTmp/src.c
Linking C executable cmTC_1a9c5
/usr/bin/cmake -E cmake_link_script CMakeFiles/cmTC_1a9c5.dir/link.txt --verbose=1
/usr/bin/cc  -DCMAKE_HAVE_LIBC_PTHREAD    -rdynamic CMakeFiles/cmTC_1a9c5.dir/src.c.o  -o cmTC_1a9c5 
/usr/bin/ld: CMakeFiles/cmTC_1a9c5.dir/src.c.o: in function `main':
src.c:(.text+0x46): undefined reference to `pthread_create'
/usr/bin/ld: src.c:(.text+0x52): undefined reference to `pthread_detach'
/usr/bin/ld: src.c:(.text+0x63): undefined reference to `pthread_join'
collect2: error: ld returned 1 exit status
make[1]: *** [CMakeFiles/cmTC_1a9c5.dir/build.make:87: cmTC_1a9c5] Error 1
make[1]: Leaving directory '/home/linwan/Documents/URA/pbrt-v3-aac/cmake/CMakeFiles/CMakeTmp'
make: *** [Makefile:121: cmTC_1a9c5/fast] Error 2


Source file was:
#include <pthread.h>

void* test_func(void* data)
{
  return data;
}

int main(void)
{
  pthread_t thread;
  pthread_create(&thread, NULL, test_func, NULL);
  pthread_detach(thread);
  pthread_join(thread, NULL);
  pthread_atfork(NULL, NULL, NULL);
  pthread_exit(NULL);

  return 0;
}

Determining if the function pthread_create exists in the pthreads failed with the following output:
Change Dir: /home/linwan/Documents/URA/pbrt-v3-aac/cmake/CMakeFiles/CMakeTmp

Run Build Command(s):/usr/bin/make cmTC_c3398/fast && /usr/bin/make -f CMakeFiles/cmTC_c3398.dir/build.make CMakeFiles/cmTC_c3398.dir/build
make[1]: Entering directory '/home/linwan/Documents/URA/pbrt-v3-aac/cmake/CMakeFiles/CMakeTmp'
Building C object CMakeFiles/cmTC_c3398.dir/CheckFunctionExists.c.o
/usr/bin/cc   -DCHECK_FUNCTION_EXISTS=pthread_create   -o CMakeFiles/cmTC_c3398.dir/CheckFunctionExists.c.o   -c /usr/share/cmake-3.16/Modules/CheckFunctionExists.c
Linking C executable cmTC_c3398
/usr/bin/cmake -E cmake_link_script CMakeFiles/cmTC_c3398.dir/link.txt --verbose=1
/usr/bin/cc  -DCHECK_FUNCTION_EXISTS=pthread_create    -rdynamic CMakeFiles/cmTC_c3398.dir/CheckFunctionExists.c.o  -o cmTC_c3398  -lpthreads 
/usr/bin/ld: cannot find -lpthreads
collect2: error: ld returned 1 exit status
make[1]: *** [CMakeFiles/cmTC_c3398.dir/build.make:87: cmTC_c3398] Error 1
make[1]: Leaving directory '/home/linwan/Documents/URA/pbrt-v3-aac/cmake/CMakeFiles/CMakeTmp'
make: *** [Makefile:121: cmTC_c3398/fast] Error 2



Performing C++ SOURCE FILE Test HAVE_DECLSPEC_NOINLINE failed with the following output:
Change Dir: /home/linwan/Documents/URA/pbrt-v3-aac/cmake/CMakeFiles/CMakeTmp

Run Build Command(s):/usr/bin/make cmTC_31e38/fast && /usr/bin/make -f CMakeFiles/cmTC_31e38.dir/build.make CMakeFiles/cmTC_31e38.dir/build
make[1]: Entering directory '/home/linwan/Documents/URA/pbrt-v3-aac/cmake/CMakeFiles/CMakeTmp'
Building CXX object CMakeFiles/cmTC_31e38.dir/src.cxx.o
/usr/bin/c++    -std=gnu++11 -Wno-conversion-null -DHAVE_DECLSPEC_NOINLINE   -o CMakeFiles/cmTC_31e38.dir/src.cxx.o -c /home/linwan/Documents/URA/pbrt-v3-aac/cmake/CMakeFiles/CMakeTmp/src.cxx
/home/linwan/Documents/URA/pbrt-v3-aac/cmake/CMakeFiles/CMakeTmp/src.cxx:1:11: error: expected constructor, destructor, or type conversion before ‘(’ token
    1 | __declspec(noinline) void foo() { }
      |           ^
make[1]: *** [CMakeFiles/cmTC_31e38.dir/build.make:66: CMakeFiles/cmTC_31e38.dir/src.cxx.o] Error 1
make[1]: Leaving directory '/home/linwan/Documents/URA/pbrt-v3-aac/cmake/CMakeFiles/CMakeTmp'
make: *** [Makefile:121: cmTC_31e38/fast] Error 2


Source file was:
__declspec(noinline) void foo() { }
int main() { }
Performing C++ SOURCE FILE Test HAVE__ALIGNED_MALLOC failed with the following output:
Change Dir: /home/linwan/Documents/URA/pbrt-v3-aac/cmake/CMakeFiles/CMakeTmp

Run Build Command(s):/usr/bin/make cmTC_9afd3/fast && /usr/bin/make -f CMakeFiles/cmTC_9afd3.dir/build.make CMakeFiles/cmTC_9afd3.dir/build
make[1]: Entering directory '/home/linwan/Documents/URA/pbrt-v3-aac/cmake/CMakeFiles/CMakeTmp'
Building CXX object CMakeFiles/cmTC_9afd3.dir/src.cxx.o
/usr/bin/c++    -std=gnu++11 -Wno-conversion-null -DHAVE__ALIGNED_MALLOC   -o CMakeFiles/cmTC_9afd3.dir/src.cxx.o -c /home/linwan/Documents/URA/pbrt-v3-aac/cmake/CMakeFiles/CMakeTmp/src.cxx
/home/linwan/Documents/URA/pbrt-v3-aac/cmake/CMakeFiles/CMakeTmp/src.cxx: In function ‘int main()’:
/home/linwan/Documents/URA/pbrt-v3-aac/cmake/CMakeFiles/CMakeTmp/src.cxx:3:27: error: ‘_aligned_malloc’ was not declared in this scope
    3 | int main() { void * ptr = _aligned_malloc(1024, 32); }
      |                           ^~~~~~~~~~~~~~~
make[1]: *** [CMakeFiles/cmTC_9afd3.dir/build.make:66: CMakeFiles/cmTC_9afd3.dir/src.cxx.o] Error 1
make[1]: Leaving directory '/home/linwan/Documents/URA/pbrt-v3-aac/cmake/CMakeFiles/CMakeTmp'
make: *** [Makefile:121: cmTC_9afd3/fast] Error 2


Source file was:

#include <malloc.h>
int main() { void * ptr = _aligned_malloc(1024, 32); }

Performing C++ SOURCE FILE Test HAVE_DECLSPEC_THREAD failed with the following output:
Change Dir: /home/linwan/Documents/URA/pbrt-v3-aac/cmake/CMakeFiles/CMakeTmp

Run Build Command(s):/usr/bin/make cmTC_ae96f/fast && /usr/bin/make -f CMakeFiles/cmTC_ae96f.dir/build.make CMakeFiles/cmTC_ae96f.dir/build
make[1]: Entering directory '/home/linwan/Documents/URA/pbrt-v3-aac/cmake/CMakeFiles/CMakeTmp'
Building CXX object CMakeFiles/cmTC_ae96f.dir/src.cxx.o
/usr/bin/c++    -std=gnu++11 -Wno-conversion-null -DHAVE_DECLSPEC_THREAD   -o CMakeFiles/cmTC_ae96f.dir/src.cxx.o -c /home/linwan/Documents/URA/pbrt-v3-aac/cmake/CMakeFiles/CMakeTmp/src.cxx
/home/linwan/Documents/URA/pbrt-v3-aac/cmake/CMakeFiles/CMakeTmp/src.cxx:2:11: error: expected constructor, destructor, or type conversion before ‘(’ token
    2 | __declspec(thread) int x; int main() { }
      |           ^
make[1]: *** [CMakeFiles/cmTC_ae96f.dir/build.make:66: CMakeFiles/cmTC_ae96f.dir/src.cxx.o] Error 1
make[1]: Leaving directory '/home/linwan/Documents/URA/pbrt-v3-aac/cmake/CMakeFiles/CMakeTmp'
make: *** [Makefile:121: cmTC_ae96f/fast] Error 2


Source file was:

__declspec(thread) int x; int main() { }

Determining if the include file libunwind.h exists failed with the following output:
Change Dir: /home/linwan/Documents/URA/pbrt-v3-aac/cmake/CMakeFiles/CMakeTmp

Run Build Command(s):/usr/bin/make cmTC_40940/fast && /usr/bin/make -f CMakeFiles/cmTC_40940.dir/build.make CMakeFiles/cmTC_40940.dir/build
make[1]: Entering directory '/home/linwan/Documents/URA/pbrt-v3-aac/cmake/CMakeFiles/CMakeTmp'
Building C object CMakeFiles/cmTC_40940.dir/CheckIncludeFile.c.o
/usr/bin/cc    -o CMakeFiles/cmTC_40940.dir/CheckIncludeFile.c.o   -c /home/linwan/Documents/URA/pbrt-v3-aac/cmake/CMakeFiles/CMakeTmp/CheckIncludeFile.c
/home/linwan/Documents/URA/pbrt-v3-aac/cmake/CMakeFiles/CMakeTmp/CheckIncludeFile.c:1:10: fatal error: libunwind.h: No such file or directory
    1 | #include <libunwind.h>
      |          ^~~~~~~~~~~~~
compilation terminated.
make[1]: *** [CMakeFiles/cmTC_40940.dir/build.make:66: CMakeFiles/cmTC_40940.dir/CheckIncludeFile.c.o] Error 1
make[1]: Leaving directory '/home/linwan/Documents/URA/pbrt-v3-aac/cmake/CMakeFiles/CMakeTmp'
make: *** [Makefile:121: cmTC_40940/fast] Error 2



Determining size of unsigned __int16 failed with the following output:
Change Dir: /home/linwan/Documents/URA/pbrt-v3-aac/cmake/CMakeFiles/CMakeTmp

Run Build Command(s):/usr/bin/make cmTC_c47d8/fast && /usr/bin/make -f CMakeFiles/cmTC_c47d8.dir/build.make CMakeFiles/cmTC_c47d8.dir/build
make[1]: Entering directory '/home/linwan/Documents/URA/pbrt-v3-aac/cmake/CMakeFiles/CMakeTmp'
Building C object CMakeFiles/cmTC_c47d8.dir/HAVE___UINT16.c.o
/usr/bin/cc    -o CMakeFiles/cmTC_c47d8.dir/HAVE___UINT16.c.o   -c /home/linwan/Documents/URA/pbrt-v3-aac/cmake/CMakeFiles/CheckTypeSize/HAVE___UINT16.c
/home/linwan/Documents/URA/pbrt-v3-aac/cmake/CMakeFiles/CheckTypeSize/HAVE___UINT16.c:23:31: error: expected ‘)’ before ‘__int16’
   23 | #define SIZE (sizeof(unsigned __int16))
      |                     ~         ^~~~~~~
/home/linwan/Documents/URA/pbrt-v3-aac/cmake/CMakeFiles/CheckTypeSize/HAVE___UINT16.c:25:12: note: in expansion of macro ‘SIZE’
   25 |   ('0' + ((SIZE / 10000)%10)),
      |            ^~~~
/home/linwan/Documents/URA/pbrt-v3-aac/cmake/CMakeFiles/CheckTypeSize/HAVE___UINT16.c:23:31: error: expected ‘)’ before ‘__int16’
   23 | #define SIZE (sizeof(unsigned __int16))
      |                     ~         ^~~~~~~
/home/linwan/Documents/URA/pbrt-v3-aac/cmake/CMakeFiles/CheckTypeSize/HAVE___UINT16.c:26:12: note: in expansion of macro ‘SIZE’
   26 |   ('0' + ((SIZE / 1000)%10)),
      |            ^~~~
/home/linwan/Documents/URA/pbrt-v3-aac/cmake/CMakeFiles/CheckTypeSize/HAVE___UINT16.c:23:31: error: expected ‘)’ before ‘__int16’
   23 | #define SIZE (sizeof(unsigned __int16))
      |                     ~         ^~~~~~~
/home/linwan/Documents/URA/pbrt-v3-aac/cmake/CMakeFiles/CheckTypeSize/HAVE___UINT16.c:27:12: note: in expansion of macro ‘SIZE’
   27 |   ('0' + ((SIZE / 100)%10)),
      |            ^~~~
/home/linwan/Documents/URA/pbrt-v3-aac/cmake/CMakeFiles/CheckTypeSize/HAVE___UINT16.c:23:31: error: expected ‘)’ before ‘__int16’
   23 | #define SIZE (sizeof(unsigned __int16))
      |                     ~         ^~~~~~~
/home/linwan/Documents/URA/pbrt-v3-aac/cmake/CMakeFiles/CheckTypeSize/HAVE___UINT16.c:28:12: note: in expansion of macro ‘SIZE’
   28 |   ('0' + ((SIZE / 10)%10)),
      |            ^~~~
/home/linwan/Documents/URA/pbrt-v3-aac/cmake/CMakeFiles/CheckTypeSize/HAVE___UINT16.c:23:31: error: expected ‘)’ before ‘__int16’
   23 | #define SIZE (sizeof(unsigned __int16))
      |                     ~         ^~~~~~~
/home/linwan/Documents/URA/pbrt-v3-aac/cmake/CMakeFiles/CheckTypeSize/HAVE___UINT16.c:29:12: note: in expansion of macro ‘SIZE’
   29 |   ('0' +  (SIZE    % 10)),
      |            ^~~~
make[1]: *** [CMakeFiles/cmTC_c47d8.dir/build.make:66: CMakeFiles/cmTC_c47d8.dir/HAVE___UINT16.c.o] Error 1
make[1]: Leaving directory '/home/linwan/Documents/URA/pbrt-v3-aac/cmake/CMakeFiles/CMakeTmp'
make: *** [Makefile:121: cmTC_c47d8/fast] Error 2


/home/linwan/Documents/URA/pbrt-v3-aac/cmake/CMakeFiles/CheckTypeSize/HAVE___UINT16.c:
#include <sys/types.h>
#include <stdint.h>
#include <stddef.h>


#undef KEY
#if defined(__i386)
# define KEY '_','_','i','3','8','6'
#elif defined(__x86_64)
# define KEY '_','_','x','8','6','_','6','4'
#elif defined(__ppc__)
# define KEY '_','_','p','p','c','_','_'
#elif defined(__ppc64__)
# define KEY '_','_','p','p','c','6','4','_','_'
#elif defined(__aarch64__)
# define KEY '_','_','a','a','r','c','h','6','4','_','_'
#elif defined(__ARM_ARCH_7A__)
# define KEY '_','_','A','R','M','_','A','R','C','H','_','7','A','_','_'
#elif defined(__ARM_ARCH_7S__)
# define KEY '_','_','A','R','M','_','A','R','C','H','_','7','S','_','_'
#endif

#define SIZE (sizeof(unsigned __int16))
static char info_size[] =  {'I', 'N', 'F', 'O', ':', 's','i','z','e','[',
  ('0' + ((SIZE / 10000)%10)),
  ('0' + ((SIZE / 1000)%10)),
  ('0' + ((SIZE / 100)%10)),
  ('0' + ((SIZE / 10)%10)),
  ('0' +  (SIZE    % 10)),
  ']',
#ifdef KEY
  ' ','k','e','y','[', KEY, ']',
#endif
  '\0'};

#ifdef __CLASSIC_C__
int main(argc, argv) int argc; char *argv[];
#else
int main(int argc, char *argv[])
#endif
{
  int require = 0;
  require += info_size[argc];
  (void)argv;
  return require;
}


Determining if the function dladdr exists failed with the following output:
Change Dir: /home/linwan/Documents/URA/pbrt-v3-aac/cmake/CMakeFiles/CMakeTmp

Run Build Command(s):/usr/bin/make cmTC_7948d/fast && /usr/bin/make -f CMakeFiles/cmTC_7948d.dir/build.make CMakeFiles/cmTC_7948d.dir/build
make[1]: Entering directory '/home/linwan/Documents/URA/pbrt-v3-aac/cmake/CMakeFiles/CMakeTmp'
Building C object CMakeFiles/cmTC_7948d.dir/CheckFunctionExists.c.o
/usr/bin/cc   -DCHECK_FUNCTION_EXISTS=dladdr   -o CMakeFiles/cmTC_7948d.dir/CheckFunctionExists.c.o   -c /usr/share/cmake-3.16/Modules/CheckFunctionExists.c
Linking C executable cmTC_7948d
/usr/bin/cmake -E cmake_link_script CMakeFiles/cmTC_7948d.dir/link.txt --verbose=1
/usr/bin/cc  -DCHECK_FUNCTION_EXISTS=dladdr    -rdynamic CMakeFiles/cmTC_7948d.dir/CheckFunctionExists.c.o  -o cmTC_7948d 
/usr/bin/ld: CMakeFiles/cmTC_7948d.dir/CheckFunctionExists.c.o: in function `main':
CheckFunctionExists.c:(.text+0x14): undefined reference to `dladdr'
collect2: error: ld returned 1 exit status
make[1]: *** [CMakeFiles/cmTC_7948d.dir/build.make:87: cmTC_7948d] Error 1
make[1]: Leaving directory '/home/linwan/Documents/URA/pbrt-v3-aac/cmake/CMakeFiles/CMakeTmp'
make: *** [Makefile:121: cmTC_7948d/fast] Error 2



Determining if the function get_static_proc_name exists in the unwind failed with the following output:
Change Dir: /home/linwan/Documents/URA/pbrt-v3-aac/cmake/CMakeFiles/CMakeTmp

Run Build Command(s):/usr/bin/make cmTC_ebfb4/fast && /usr/bin/make -f CMakeFiles/cmTC_ebfb4.dir/build.make CMakeFiles/cmTC_ebfb4.dir/build
make[1]: Entering directory '/home/linwan/Documents/URA/pbrt-v3-aac/cmake/CMakeFiles/CMakeTmp'
Building C object CMakeFiles/cmTC_ebfb4.dir/CheckFunctionExists.c.o
/usr/bin/cc   -DCHECK_FUNCTION_EXISTS=get_static_proc_name   -o CMakeFiles/cmTC_ebfb4.dir/CheckFunctionExists.c.o   -c /usr/share/cmake-3.16/Modules/CheckFunctionExists.c
Linking C executable cmTC_ebfb4
/usr/bin/cmake -E cmake_link_script CMakeFiles/cmTC_ebfb4.dir/link.txt --verbose=1
/usr/bin/cc  -DCHECK_FUNCTION_EXISTS=get_static_proc_name    -rdynamic CMakeFiles/cmTC_ebfb4.dir/CheckFunctionExists.c.o  -o cmTC_ebfb4  -lunwind 
/usr/bin/ld: cannot find -lunwind
collect2: error: ld returned 1 exit status
make[1]: *** [CMakeFiles/cmTC_ebfb4.dir/build.make:87: cmTC_ebfb4] Error 1
make[1]: Leaving directory '/home/linwan/Documents/URA/pbrt-v3-aac/cmake/CMakeFiles/CMakeTmp'
make: *** [Makefile:121: cmTC_ebfb4/fast] Error 2



Performing C SOURCE FILE Test HAVE_RWLOCK failed with the following output:
Change Dir: /home/linwan/Documents/URA/pbrt-v3-aac/cmake/CMakeFiles/CMakeTmp

Run Build Command(s):/usr/bin/make cmTC_ec189/fast && /usr/bin/make -f CMakeFiles/cmTC_ec189.dir/build.make CMakeFiles/cmTC_ec189.dir/build
make[1]: Entering directory '/home/linwan/Documents/URA/pbrt-v3-aac/cmake/CMakeFiles/CMakeTmp'
Building C object CMakeFiles/cmTC_ec189.dir/src.c.o
/usr/bin/cc   -DHAVE_RWLOCK   -o CMakeFiles/cmTC_ec189.dir/src.c.o   -c /home/linwan/Documents/URA/pbrt-v3-aac/cmake/CMakeFiles/CMakeTmp/src.c
Linking C executable cmTC_ec189
/usr/bin/cmake -E cmake_link_script CMakeFiles/cmTC_ec189.dir/link.txt --verbose=1
/usr/bin/cc  -DHAVE_RWLOCK    -rdynamic CMakeFiles/cmTC_ec189.dir/src.c.o  -o cmTC_ec189 
/usr/bin/ld: CMakeFiles/cmTC_ec189.dir/src.c.o: in function `main':
src.c:(.text+0x28): undefined reference to `pthread_rwlock_init'
/usr/bin/ld: src.c:(.text+0x34): undefined reference to `pthread_rwlock_rdlock'
collect2: error: ld returned 1 exit status
make[1]: *** [CMakeFiles/cmTC_ec189.dir/build.make:87: cmTC_ec189] Error 1
make[1]: Leaving directory '/home/linwan/Documents/URA/pbrt-v3-aac/cmake/CMakeFiles/CMakeTmp'
make: *** [Makefile:121: cmTC_ec189/fast] Error 2


Source file was:

#define _XOPEN_SOURCE 500
#include <pthread.h>
int main(void)
{
  pthread_rwlock_t l;
  pthread_rwlock_init(&l, NULL);
  pthread_rwlock_rdlock(&l);
  return 0;
}

Performing C SOURCE FILE Test HAVE___DECLSPEC failed with the following output:
Change Dir: /home/linwan/Documents/URA/pbrt-v3-aac/cmake/CMakeFiles/CMakeTmp

Run Build Command(s):/usr/bin/make cmTC_4573f/fast && /usr/bin/make -f CMakeFiles/cmTC_4573f.dir/build.make CMakeFiles/cmTC_4573f.dir/build
make[1]: Entering directory '/home/linwan/Documents/URA/pbrt-v3-aac/cmake/CMakeFiles/CMakeTmp'
Building C object CMakeFiles/cmTC_4573f.dir/src.c.o
/usr/bin/cc   -DHAVE___DECLSPEC   -o CMakeFiles/cmTC_4573f.dir/src.c.o   -c /home/linwan/Documents/URA/pbrt-v3-aac/cmake/CMakeFiles/CMakeTmp/src.c
/home/linwan/Documents/URA/pbrt-v3-aac/cmake/CMakeFiles/CMakeTmp/src.c:2:1: warning: return type defaults to ‘int’ [-Wimplicit-int]
    2 | __declspec(selectany) int a;
      | ^~~~~~~~~~
/home/linwan/Documents/URA/pbrt-v3-aac/cmake/CMakeFiles/CMakeTmp/src.c: In function ‘__declspec’:
/home/linwan/Documents/URA/pbrt-v3-aac/cmake/CMakeFiles/CMakeTmp/src.c:3:16: error: expected ‘=’, ‘,’, ‘;’, ‘asm’ or ‘__attribute__’ before ‘{’ token
    3 | int main(void) { return 0; }
      |                ^
/home/linwan/Documents/URA/pbrt-v3-aac/cmake/CMakeFiles/CMakeTmp/src.c:2:1: warning: type of ‘selectany’ defaults to ‘int’ [-Wimplicit-int]
    2 | __declspec(selectany) int a;
      | ^~~~~~~~~~
/home/linwan/Documents/URA/pbrt-v3-aac/cmake/CMakeFiles/CMakeTmp/src.c:2:27: error: declaration for parameter ‘a’ but no such parameter
    2 | __declspec(selectany) int a;
      |                           ^
/home/linwan/Documents/URA/pbrt-v3-aac/cmake/CMakeFiles/CMakeTmp/src.c:4: error: expected ‘{’ at end of input
    4 | 
      | 
make[1]: *** [CMakeFiles/cmTC_4573f.dir/build.make:66: CMakeFiles/cmTC_4573f.dir/src.c.o] Error 1
make[1]: Leaving directory '/home/linwan/Documents/URA/pbrt-v3-aac/cmake/CMakeFiles/CMakeTmp'
make: *** [Makefile:121: cmTC_4573f/fast] Error 2


Source file was:

__declspec(selectany) int a;
int main(void) { return 0; }

Performing C++ SOURCE FILE Test STL_NO_NAMESPACE failed with the following output:
Change Dir: /home/linwan/Documents/URA/pbrt-v3-aac/cmake/CMakeFiles/CMakeTmp

Run Build Command(s):/usr/bin/make cmTC_6c59c/fast && /usr/bin/make -f CMakeFiles/cmTC_6c59c.dir/build.make CMakeFiles/cmTC_6c59c.dir/build
make[1]: Entering directory '/home/linwan/Documents/URA/pbrt-v3-aac/cmake/CMakeFiles/CMakeTmp'
Building CXX object CMakeFiles/cmTC_6c59c.dir/src.cxx.o
/usr/bin/c++    -std=gnu++11 -Wno-conversion-null -DSTL_NO_NAMESPACE   -o CMakeFiles/cmTC_6c59c.dir/src.cxx.o -c /home/linwan/Documents/URA/pbrt-v3-aac/cmake/CMakeFiles/CMakeTmp/src.cxx
/home/linwan/Documents/URA/pbrt-v3-aac/cmake/CMakeFiles/CMakeTmp/src.cxx:3:1: error: ‘vector’ does not name a type
    3 | vector<int> t; int main() { }
      | ^~~~~~
make[1]: *** [CMakeFiles/cmTC_6c59c.dir/build.make:66: CMakeFiles/cmTC_6c59c.dir/src.cxx.o] Error 1
make[1]: Leaving directory '/home/linwan/Documents/URA/pbrt-v3-aac/cmake/CMakeFiles/CMakeTmp'
make: *** [Makefile:121: cmTC_6c59c/fast] Error 2


Source file was:

#include <vector>
vector<int> t; int main() { }

